mode: set
PROJECT-III/features/Admin/usecase/logic.go:16.74,21.2 1 1
PROJECT-III/features/Admin/usecase/logic.go:23.96,28.20 4 1
PROJECT-III/features/Admin/usecase/logic.go:33.2,35.20 2 1
PROJECT-III/features/Admin/usecase/logic.go:39.2,39.12 1 1
PROJECT-III/features/Admin/usecase/logic.go:28.20,31.3 2 1
PROJECT-III/features/Admin/usecase/logic.go:35.20,38.3 2 0
PROJECT-III/features/Admin/usecase/logic.go:42.68,45.13 2 1
PROJECT-III/features/Admin/usecase/logic.go:50.2,50.12 1 1
PROJECT-III/features/Admin/usecase/logic.go:45.13,48.3 2 1
PROJECT-III/features/Admin/usecase/logic.go:53.84,57.23 3 1
PROJECT-III/features/Admin/usecase/logic.go:62.2,65.20 3 1
PROJECT-III/features/Admin/usecase/logic.go:69.2,69.12 1 1
PROJECT-III/features/Admin/usecase/logic.go:57.23,60.3 2 1
PROJECT-III/features/Admin/usecase/logic.go:65.20,68.3 2 0
PROJECT-III/features/Admin/usecase/logic.go:72.78,74.24 2 1
PROJECT-III/features/Admin/usecase/logic.go:78.2,78.22 1 1
PROJECT-III/features/Admin/usecase/logic.go:74.24,77.3 2 1
PROJECT-III/features/Admin/usecase/logic.go:81.86,83.23 2 1
PROJECT-III/features/Admin/usecase/logic.go:87.2,87.21 1 1
PROJECT-III/features/Admin/usecase/logic.go:83.23,86.3 2 1
PROJECT-III/features/Order/usecase/logic.go:16.74,21.2 1 1
PROJECT-III/features/Order/usecase/logic.go:23.77,27.23 3 1
PROJECT-III/features/Order/usecase/logic.go:32.2,34.20 3 1
PROJECT-III/features/Order/usecase/logic.go:38.2,38.12 1 1
PROJECT-III/features/Order/usecase/logic.go:27.23,30.3 2 0
PROJECT-III/features/Order/usecase/logic.go:34.20,37.3 2 0
PROJECT-III/features/User/usecase/logic.go:18.73,23.2 1 1
PROJECT-III/features/User/usecase/logic.go:26.64,30.23 3 1
PROJECT-III/features/User/usecase/logic.go:35.2,37.15 2 1
PROJECT-III/features/User/usecase/logic.go:42.2,44.20 2 1
PROJECT-III/features/User/usecase/logic.go:49.2,53.20 4 1
PROJECT-III/features/User/usecase/logic.go:57.2,57.12 1 1
PROJECT-III/features/User/usecase/logic.go:30.23,33.3 2 0
PROJECT-III/features/User/usecase/logic.go:37.15,40.3 2 1
PROJECT-III/features/User/usecase/logic.go:44.20,47.3 2 0
PROJECT-III/features/User/usecase/logic.go:53.20,56.3 2 1
PROJECT-III/features/User/usecase/logic.go:61.53,64.13 2 1
PROJECT-III/features/User/usecase/logic.go:68.2,68.12 1 1
PROJECT-III/features/User/usecase/logic.go:64.13,67.3 2 1
PROJECT-III/features/User/usecase/logic.go:71.79,74.19 2 1
PROJECT-III/features/User/usecase/logic.go:78.2,82.16 3 1
PROJECT-III/features/User/usecase/logic.go:87.2,87.19 1 0
PROJECT-III/features/User/usecase/logic.go:74.19,76.3 1 0
PROJECT-III/features/User/usecase/logic.go:82.16,85.3 2 1
PROJECT-III/features/User/usecase/logic.go:90.92,94.23 3 1
PROJECT-III/features/User/usecase/logic.go:98.2,98.32 1 1
PROJECT-III/features/User/usecase/logic.go:94.23,97.3 2 1
PROJECT-III/features/User/usecase/logic.go:101.78,104.17 2 1
PROJECT-III/features/User/usecase/logic.go:109.2,111.15 2 1
PROJECT-III/features/User/usecase/logic.go:116.2,118.16 2 1
PROJECT-III/features/User/usecase/logic.go:123.2,125.17 3 1
PROJECT-III/features/User/usecase/logic.go:129.2,129.12 1 1
PROJECT-III/features/User/usecase/logic.go:104.17,107.3 2 1
PROJECT-III/features/User/usecase/logic.go:111.15,114.3 2 0
PROJECT-III/features/User/usecase/logic.go:118.16,121.3 2 0
PROJECT-III/features/User/usecase/logic.go:125.17,127.3 1 0
PROJECT-III/features/User/usecase/logic.go:132.63,135.20 2 1
PROJECT-III/features/User/usecase/logic.go:139.2,139.18 1 1
PROJECT-III/features/User/usecase/logic.go:135.20,137.3 1 1
